CRITICAL - 2024-05-12 14:05:26 --> Array to string conversion
in APPPATH\Models\ComentariosModel.php on line 56.
 1 APPPATH\Models\ComentariosModel.php(56): CodeIgniter\Debug\Exceptions->errorHandler(2, 'Array to string conversion', 'C:\\Users\\ardil\\Downloads\\TopicosBD2024_Proyectos\\ProyectoFinal\\API_Hoteles_CodeIgniter\\app\\Models\\ComentariosModel.php', 56)
 2 APPPATH\Controllers\Comentarios.php(42): App\Models\ComentariosModel->getByCliente('Zoé')
 3 SYSTEMPATH\CodeIgniter.php(919): App\Controllers\Comentarios->getByCliente('Zoé')
 4 SYSTEMPATH\CodeIgniter.php(494): CodeIgniter\CodeIgniter->runController(Object(App\Controllers\Comentarios))
 5 SYSTEMPATH\CodeIgniter.php(353): CodeIgniter\CodeIgniter->handleRequest(null, Object(Config\Cache), false)
 6 FCPATH\index.php(79): CodeIgniter\CodeIgniter->run()
 7 SYSTEMPATH\Commands\Server\rewrite.php(47): require_once('C:\\Users\\ardil\\Downloads\\TopicosBD2024_Proyectos\\ProyectoFinal\\API_Hoteles_CodeIgniter\\public\\index.php')
CRITICAL - 2024-05-12 14:07:01 --> FieldPath field names may not start with '$'. Consider using $getField or $setField.
in VENDORPATH\mongodb\mongodb\src\Operation\Aggregate.php on line 347.
 1 VENDORPATH\mongodb\mongodb\src\Operation\Aggregate.php(347): MongoDB\Driver\Server->executeReadCommand('apiHotel', Object(MongoDB\Driver\Command), [...])
 2 VENDORPATH\mongodb\mongodb\src\Operation\Aggregate.php(254): MongoDB\Operation\Aggregate->executeCommand(Object(MongoDB\Driver\Server), Object(MongoDB\Driver\Command))
 3 VENDORPATH\mongodb\mongodb\src\Collection.php(242): MongoDB\Operation\Aggregate->execute(Object(MongoDB\Driver\Server))
 4 APPPATH\Models\ComentariosModel.php(55): MongoDB\Collection->aggregate([...])
 5 APPPATH\Controllers\Comentarios.php(42): App\Models\ComentariosModel->getByCliente('Zoé')
 6 SYSTEMPATH\CodeIgniter.php(919): App\Controllers\Comentarios->getByCliente('Zoé')
 7 SYSTEMPATH\CodeIgniter.php(494): CodeIgniter\CodeIgniter->runController(Object(App\Controllers\Comentarios))
 8 SYSTEMPATH\CodeIgniter.php(353): CodeIgniter\CodeIgniter->handleRequest(null, Object(Config\Cache), false)
 9 FCPATH\index.php(79): CodeIgniter\CodeIgniter->run()
10 SYSTEMPATH\Commands\Server\rewrite.php(47): require_once('C:\\Users\\ardil\\Downloads\\TopicosBD2024_Proyectos\\ProyectoFinal\\API_Hoteles_CodeIgniter\\public\\index.php')
CRITICAL - 2024-05-12 14:07:49 --> FieldPath field names may not start with '$'. Consider using $getField or $setField.
in VENDORPATH\mongodb\mongodb\src\Operation\Aggregate.php on line 347.
 1 VENDORPATH\mongodb\mongodb\src\Operation\Aggregate.php(347): MongoDB\Driver\Server->executeReadCommand('apiHotel', Object(MongoDB\Driver\Command), [...])
 2 VENDORPATH\mongodb\mongodb\src\Operation\Aggregate.php(254): MongoDB\Operation\Aggregate->executeCommand(Object(MongoDB\Driver\Server), Object(MongoDB\Driver\Command))
 3 VENDORPATH\mongodb\mongodb\src\Collection.php(242): MongoDB\Operation\Aggregate->execute(Object(MongoDB\Driver\Server))
 4 APPPATH\Models\ComentariosModel.php(33): MongoDB\Collection->aggregate([...])
 5 APPPATH\Controllers\Comentarios.php(42): App\Models\ComentariosModel->getByCliente('Zoé')
 6 SYSTEMPATH\CodeIgniter.php(919): App\Controllers\Comentarios->getByCliente('Zoé')
 7 SYSTEMPATH\CodeIgniter.php(494): CodeIgniter\CodeIgniter->runController(Object(App\Controllers\Comentarios))
 8 SYSTEMPATH\CodeIgniter.php(353): CodeIgniter\CodeIgniter->handleRequest(null, Object(Config\Cache), false)
 9 FCPATH\index.php(79): CodeIgniter\CodeIgniter->run()
10 SYSTEMPATH\Commands\Server\rewrite.php(47): require_once('C:\\Users\\ardil\\Downloads\\TopicosBD2024_Proyectos\\ProyectoFinal\\API_Hoteles_CodeIgniter\\public\\index.php')
CRITICAL - 2024-05-12 14:08:04 --> FieldPath field names may not start with '$'. Consider using $getField or $setField.
in VENDORPATH\mongodb\mongodb\src\Operation\Aggregate.php on line 347.
 1 VENDORPATH\mongodb\mongodb\src\Operation\Aggregate.php(347): MongoDB\Driver\Server->executeReadCommand('apiHotel', Object(MongoDB\Driver\Command), [...])
 2 VENDORPATH\mongodb\mongodb\src\Operation\Aggregate.php(254): MongoDB\Operation\Aggregate->executeCommand(Object(MongoDB\Driver\Server), Object(MongoDB\Driver\Command))
 3 VENDORPATH\mongodb\mongodb\src\Collection.php(242): MongoDB\Operation\Aggregate->execute(Object(MongoDB\Driver\Server))
 4 APPPATH\Models\ComentariosModel.php(33): MongoDB\Collection->aggregate([...])
 5 APPPATH\Controllers\Comentarios.php(42): App\Models\ComentariosModel->getByCliente('Zoé')
 6 SYSTEMPATH\CodeIgniter.php(919): App\Controllers\Comentarios->getByCliente('Zoé')
 7 SYSTEMPATH\CodeIgniter.php(494): CodeIgniter\CodeIgniter->runController(Object(App\Controllers\Comentarios))
 8 SYSTEMPATH\CodeIgniter.php(353): CodeIgniter\CodeIgniter->handleRequest(null, Object(Config\Cache), false)
 9 FCPATH\index.php(79): CodeIgniter\CodeIgniter->run()
10 SYSTEMPATH\Commands\Server\rewrite.php(47): require_once('C:\\Users\\ardil\\Downloads\\TopicosBD2024_Proyectos\\ProyectoFinal\\API_Hoteles_CodeIgniter\\public\\index.php')
CRITICAL - 2024-05-12 14:09:25 --> FieldPath field names may not contain '.'. Consider using $getField or $setField.
in VENDORPATH\mongodb\mongodb\src\Operation\Aggregate.php on line 347.
 1 VENDORPATH\mongodb\mongodb\src\Operation\Aggregate.php(347): MongoDB\Driver\Server->executeReadCommand('apiHotel', Object(MongoDB\Driver\Command), [...])
 2 VENDORPATH\mongodb\mongodb\src\Operation\Aggregate.php(254): MongoDB\Operation\Aggregate->executeCommand(Object(MongoDB\Driver\Server), Object(MongoDB\Driver\Command))
 3 VENDORPATH\mongodb\mongodb\src\Collection.php(242): MongoDB\Operation\Aggregate->execute(Object(MongoDB\Driver\Server))
 4 APPPATH\Models\ComentariosModel.php(55): MongoDB\Collection->aggregate([...])
 5 APPPATH\Controllers\Comentarios.php(42): App\Models\ComentariosModel->getByCliente('Zoé')
 6 SYSTEMPATH\CodeIgniter.php(919): App\Controllers\Comentarios->getByCliente('Zoé')
 7 SYSTEMPATH\CodeIgniter.php(494): CodeIgniter\CodeIgniter->runController(Object(App\Controllers\Comentarios))
 8 SYSTEMPATH\CodeIgniter.php(353): CodeIgniter\CodeIgniter->handleRequest(null, Object(Config\Cache), false)
 9 FCPATH\index.php(79): CodeIgniter\CodeIgniter->run()
10 SYSTEMPATH\Commands\Server\rewrite.php(47): require_once('C:\\Users\\ardil\\Downloads\\TopicosBD2024_Proyectos\\ProyectoFinal\\API_Hoteles_CodeIgniter\\public\\index.php')
CRITICAL - 2024-05-12 14:18:30 --> You must set the database table to be used with your query.
in SYSTEMPATH\Database\BaseConnection.php on line 883.
 1 SYSTEMPATH\Model.php(635): CodeIgniter\Database\BaseConnection->table(null)
 2 SYSTEMPATH\Model.php(838): CodeIgniter\Model->builder()
 3 APPPATH\Models\ComentariosModel.php(33): CodeIgniter\Model->__get('clientesCollection')
 4 APPPATH\Controllers\Comentarios.php(42): App\Models\ComentariosModel->getByCliente('Zoé')
 5 SYSTEMPATH\CodeIgniter.php(919): App\Controllers\Comentarios->getByCliente('Zoé')
 6 SYSTEMPATH\CodeIgniter.php(494): CodeIgniter\CodeIgniter->runController(Object(App\Controllers\Comentarios))
 7 SYSTEMPATH\CodeIgniter.php(353): CodeIgniter\CodeIgniter->handleRequest(null, Object(Config\Cache), false)
 8 FCPATH\index.php(79): CodeIgniter\CodeIgniter->run()
 9 SYSTEMPATH\Commands\Server\rewrite.php(47): require_once('C:\\Users\\ardil\\Downloads\\TopicosBD2024_Proyectos\\ProyectoFinal\\API_Hoteles_CodeIgniter\\public\\index.php')
WARNING - 2024-05-12 14:19:11 --> [DEPRECATED] Creation of dynamic property App\Models\ComentariosModel::$clientesCollection is deprecated in APPPATH\Models\ComentariosModel.php on line 33.
 1 APPPATH\Controllers\Comentarios.php(42): App\Models\ComentariosModel->getByCliente('Zoé')
 2 SYSTEMPATH\CodeIgniter.php(919): App\Controllers\Comentarios->getByCliente('Zoé')
 3 SYSTEMPATH\CodeIgniter.php(494): CodeIgniter\CodeIgniter->runController(Object(App\Controllers\Comentarios))
 4 SYSTEMPATH\CodeIgniter.php(353): CodeIgniter\CodeIgniter->handleRequest(null, Object(Config\Cache), false)
 5 FCPATH\index.php(79): CodeIgniter\CodeIgniter->run()
 6 SYSTEMPATH\Commands\Server\rewrite.php(47): require_once('C:\\Users\\ardil\\Downloads\\TopicosBD2024_Proyectos\\ProyectoFinal\\API_Hoteles_CodeIgniter\\public\\index.php')
CRITICAL - 2024-05-12 14:19:11 --> You must set the database table to be used with your query.
in SYSTEMPATH\Database\BaseConnection.php on line 883.
 1 SYSTEMPATH\Model.php(635): CodeIgniter\Database\BaseConnection->table(null)
 2 SYSTEMPATH\Model.php(838): CodeIgniter\Model->builder()
 3 APPPATH\Models\ComentariosModel.php(50): CodeIgniter\Model->__get('comentariosCollection')
 4 APPPATH\Controllers\Comentarios.php(42): App\Models\ComentariosModel->getByCliente('Zoé')
 5 SYSTEMPATH\CodeIgniter.php(919): App\Controllers\Comentarios->getByCliente('Zoé')
 6 SYSTEMPATH\CodeIgniter.php(494): CodeIgniter\CodeIgniter->runController(Object(App\Controllers\Comentarios))
 7 SYSTEMPATH\CodeIgniter.php(353): CodeIgniter\CodeIgniter->handleRequest(null, Object(Config\Cache), false)
 8 FCPATH\index.php(79): CodeIgniter\CodeIgniter->run()
 9 SYSTEMPATH\Commands\Server\rewrite.php(47): require_once('C:\\Users\\ardil\\Downloads\\TopicosBD2024_Proyectos\\ProyectoFinal\\API_Hoteles_CodeIgniter\\public\\index.php')
CRITICAL - 2024-05-12 14:19:29 --> You must set the database table to be used with your query.
in SYSTEMPATH\Database\BaseConnection.php on line 883.
 1 SYSTEMPATH\Model.php(635): CodeIgniter\Database\BaseConnection->table(null)
 2 SYSTEMPATH\Model.php(838): CodeIgniter\Model->builder()
 3 APPPATH\Models\ComentariosModel.php(50): CodeIgniter\Model->__get('comentariosCollection')
 4 APPPATH\Controllers\Comentarios.php(42): App\Models\ComentariosModel->getByCliente('Zoé')
 5 SYSTEMPATH\CodeIgniter.php(919): App\Controllers\Comentarios->getByCliente('Zoé')
 6 SYSTEMPATH\CodeIgniter.php(494): CodeIgniter\CodeIgniter->runController(Object(App\Controllers\Comentarios))
 7 SYSTEMPATH\CodeIgniter.php(353): CodeIgniter\CodeIgniter->handleRequest(null, Object(Config\Cache), false)
 8 FCPATH\index.php(79): CodeIgniter\CodeIgniter->run()
 9 SYSTEMPATH\Commands\Server\rewrite.php(47): require_once('C:\\Users\\ardil\\Downloads\\TopicosBD2024_Proyectos\\ProyectoFinal\\API_Hoteles_CodeIgniter\\public\\index.php')
CRITICAL - 2024-05-12 14:41:15 --> Object of class MongoDB\Driver\Cursor could not be converted to string
in APPPATH\Models\ComentariosModel.php on line 79.
 1 APPPATH\Controllers\Comentarios.php(64): App\Models\ComentariosModel->getByHotelCalificacion('Armendáriz y Rivera e Hijos', '2')
 2 SYSTEMPATH\CodeIgniter.php(919): App\Controllers\Comentarios->getByHotelCalificacion('Armendáriz y Rivera e Hijos', '2')
 3 SYSTEMPATH\CodeIgniter.php(494): CodeIgniter\CodeIgniter->runController(Object(App\Controllers\Comentarios))
 4 SYSTEMPATH\CodeIgniter.php(353): CodeIgniter\CodeIgniter->handleRequest(null, Object(Config\Cache), false)
 5 FCPATH\index.php(79): CodeIgniter\CodeIgniter->run()
 6 SYSTEMPATH\Commands\Server\rewrite.php(47): require_once('C:\\Users\\ardil\\Downloads\\TopicosBD2024_Proyectos\\ProyectoFinal\\API_Hoteles_CodeIgniter\\public\\index.php')
CRITICAL - 2024-05-12 16:35:31 --> syntax error, unexpected token ";", expecting ")"
in APPPATH\Models\HabitacionesModel.php on line 66.
 1 SYSTEMPATH\Autoloader\Autoloader.php(285): CodeIgniter\Autoloader\Autoloader->includeFile('C:\\Users\\ardil\\Downloads\\TopicosBD2024_Proyectos\\ProyectoFinal\\API_Hoteles_CodeIgniter\\app\\Models\\HabitacionesModel.php')
 2 SYSTEMPATH\Autoloader\Autoloader.php(263): CodeIgniter\Autoloader\Autoloader->loadInNamespace('App\\Models\\HabitacionesModel')
 3 APPPATH\Controllers\Habitaciones.php(62): CodeIgniter\Autoloader\Autoloader->loadClass('App\\Models\\HabitacionesModel')
 4 SYSTEMPATH\CodeIgniter.php(919): App\Controllers\Habitaciones->getByDisponibilidadHotel('true', 'Montoya, Esquibel y Malave')
 5 SYSTEMPATH\CodeIgniter.php(494): CodeIgniter\CodeIgniter->runController(Object(App\Controllers\Habitaciones))
 6 SYSTEMPATH\CodeIgniter.php(353): CodeIgniter\CodeIgniter->handleRequest(null, Object(Config\Cache), false)
 7 FCPATH\index.php(79): CodeIgniter\CodeIgniter->run()
 8 SYSTEMPATH\Commands\Server\rewrite.php(47): require_once('C:\\Users\\ardil\\Downloads\\TopicosBD2024_Proyectos\\ProyectoFinal\\API_Hoteles_CodeIgniter\\public\\index.php')
